<?xml version="1.0" encoding="UTF-8"?>
<!-- Generated by org.testng.reporters.JUnitReportReporter -->
<testsuite hostname="HP" failures="0" tests="2" name="test.TestSendMess" time="16.319" errors="0" timestamp="09 мар. 2018 11:38:14 GMT" skipped="0">
  <testcase classname="test.TestSendMess" name="testSendMessageClickButton" time="12.061"/>
  <testcase classname="test.TestSendMess" name="testSendMessagePuchEnter" time="4.258"/>
</testsuite> <!-- test.TestSendMess -->
