<?xml version="1.0" encoding="UTF-8"?>
<!-- Generated by org.testng.reporters.JUnitReportReporter -->
<testsuite hostname="HP" failures="0" tests="2" name="test.TestLogIn" time="74.888" errors="0" timestamp="15 мар. 2018 13:11:49 GMT" skipped="0">
  <testcase classname="test.TestLogIn" name="testLoginPuchEnter" time="17.330"/>
  <testcase classname="test.TestLogIn" name="testLoginPuchEnter" time="57.558"/>
</testsuite> <!-- test.TestLogIn -->
