<?xml version="1.0" encoding="UTF-8"?>
<!-- Generated by org.testng.reporters.JUnitReportReporter -->
<testsuite hostname="HP" failures="0" tests="4" name="test.TestLogIn" time="204.133" errors="0" timestamp="09 мар. 2018 07:58:09 GMT" skipped="0">
  <testcase classname="test.TestLogIn" name="testLoginPuchEnter" time="31.954"/>
  <testcase classname="test.TestLogIn" name="testLoginPuchEnter" time="90.844"/>
  <testcase classname="test.TestLogIn" name="testLoginClickButton" time="23.412"/>
  <testcase classname="test.TestLogIn" name="testLoginClickButton" time="57.923"/>
</testsuite> <!-- test.TestLogIn -->
