<?xml version="1.0" encoding="UTF-8"?>
<!-- Generated by org.testng.reporters.JUnitReportReporter -->
<testsuite hostname="HP" failures="0" tests="2" name="test.TestPostNews" time="15.482" errors="0" timestamp="09 мар. 2018 17:54:43 GMT" skipped="0">
  <testcase classname="test.TestPostNews" name="testSendMessageClickButton" time="8.235"/>
  <testcase classname="test.TestPostNews" name="testSendMessagePushEnter" time="7.247"/>
</testsuite> <!-- test.TestPostNews -->
