<?xml version="1.0" encoding="UTF-8"?>
<!-- Generated by org.testng.reporters.JUnitReportReporter -->
<testsuite hostname="HP" failures="0" tests="2" name="test.TestSendMess" time="12.777" errors="0" timestamp="12 мар. 2018 17:31:59 GMT" skipped="0">
  <testcase classname="test.TestSendMess" name="testSendMessageClickButton" time="10.004"/>
  <testcase classname="test.TestSendMess" name="testSendMessagePuchEnter" time="2.773"/>
</testsuite> <!-- test.TestSendMess -->
