<?xml version="1.0" encoding="UTF-8"?>
<!-- Generated by org.testng.reporters.JUnitReportReporter -->
<testsuite hostname="HP" failures="0" tests="2" name="test.TestSendMess" time="8.424" errors="0" timestamp="08 мар. 2018 18:56:30 GMT" skipped="0">
  <testcase classname="test.TestSendMess" name="testSendMessageClickButton" time="6.953"/>
  <testcase classname="test.TestSendMess" name="testSendMessagePuchEnter" time="1.471"/>
</testsuite> <!-- test.TestSendMess -->
