<?xml version="1.0" encoding="UTF-8"?>
<!-- Generated by org.testng.reporters.JUnitReportReporter -->
<testsuite hostname="HP" failures="0" tests="4" name="test.TestLogIn" time="272.603" errors="0" timestamp="08 мар. 2018 10:14:09 GMT" skipped="0">
  <testcase classname="test.TestLogIn" name="testLoginPuchEnter" time="63.177"/>
  <testcase classname="test.TestLogIn" name="testLoginPuchEnter" time="89.363"/>
  <testcase classname="test.TestLogIn" name="testLoginClickOk" time="34.779"/>
  <testcase classname="test.TestLogIn" name="testLoginClickOk" time="85.284"/>
</testsuite> <!-- test.TestLogIn -->
