<?xml version="1.0" encoding="UTF-8"?>
<!-- Generated by org.testng.reporters.JUnitReportReporter -->
<testsuite hostname="HP" failures="0" tests="4" name="test.TestLogIn" time="140.645" errors="0" timestamp="14 мар. 2018 22:50:12 GMT" skipped="0">
  <testcase classname="test.TestLogIn" name="testLoginPuchEnter" time="15.905"/>
  <testcase classname="test.TestLogIn" name="testLoginPuchEnter" time="52.002"/>
  <testcase classname="test.TestLogIn" name="testLoginClickButton" time="57.572"/>
  <testcase classname="test.TestLogIn" name="testLoginClickButton" time="15.166"/>
</testsuite> <!-- test.TestLogIn -->
