<?xml version="1.0" encoding="UTF-8"?>
<!-- Generated by org.testng.reporters.JUnitReportReporter -->
<testsuite hostname="HP" failures="0" tests="4" name="test.TestLogIn" time="144.058" errors="0" timestamp="08 мар. 2018 17:39:34 GMT" skipped="0">
  <testcase classname="test.TestLogIn" name="testLoginPuchEnter" time="53.534"/>
  <testcase classname="test.TestLogIn" name="testLoginPuchEnter" time="17.721"/>
  <testcase classname="test.TestLogIn" name="testLoginClickButton" time="54.910"/>
  <testcase classname="test.TestLogIn" name="testLoginClickButton" time="17.893"/>
</testsuite> <!-- test.TestLogIn -->
